<?xml version="1.0" encoding="UTF-8" ?>
<testsuite tests="4" failures="0" name="com.bjpowernode.settings.test.MyTest" time="0.021" errors="0" skipped="0">
  <properties>
[...]
</properties>
  <testcase classname="com.bjpowernode.settings.test.MyTest" name="Test01" time="0.012"/>
  <testcase classname="com.bjpowernode.settings.test.MyTest" name="Test02" time="0"/>
  <testcase classname="com.bjpowernode.settings.test.MyTest" name="Test03" time="0"/>
  <testcase classname="com.bjpowernode.settings.test.MyTest" name="Test04" time="0.009"/>
</testsuite>